<?xml version="1.0" encoding="UTF-8"?>
<!-- Generated by org.testng.reporters.JUnitReportReporter -->
<testsuite skipped="0" hostname="Sony" name="OrangeHrmLIve.HomePageTest" tests="1" failures="0" timestamp="20 Jun 2018 05:20:19 GMT" time="20.969" errors="0">
  <testcase name="createAndVerifyCandidateProfile" time="20.969" classname="OrangeHrmLIve.HomePageTest"/>
</testsuite> <!-- OrangeHrmLIve.HomePageTest -->
